
In toplevel form:
js2-mode.el:223:2: Warning: defvar `js2-typed-array-externs' docstring wider than 80 characters
js2-mode.el:781:29: Warning: avoid `lsh'; use `ash' instead

In js2-same-line:
js2-mode.el:2132:17: Warning: ‘point-at-bol’ is an obsolete function (as of 29.1); use ‘line-beginning-position’ or ‘pos-bol’ instead.
js2-mode.el:2133:17: Warning: ‘point-at-eol’ is an obsolete function (as of 29.1); use ‘line-end-position’ or ‘pos-eol’ instead.

In js2-x-digit-to-int:
js2-mode.el:5849:16: Warning: avoid `lsh'; use `ash' instead

In js2--classify-variable:
js2-mode.el:7333:2: Warning: docstring wider than 80 characters

In js2-parse:
js2-mode.el:8223:32: Warning: ‘max-specpdl-size’ is an obsolete variable (as of 29.1).
js2-mode.el:8223:10: Warning: ‘max-specpdl-size’ is an obsolete variable (as of 29.1).
js2-mode.el:8219:10: Warning: ‘inhibit-point-motion-hooks’ is an obsolete variable (as of 25.1); use ‘cursor-intangible-mode’ or ‘cursor-sensor-mode’ instead

In js2-check-inconsistent-return-warning:
js2-mode.el:8490:24: Warning: ‘point-at-bol’ is an obsolete function (as of 29.1); use ‘line-beginning-position’ or ‘pos-bol’ instead.

In js2-parse-statement:
js2-mode.el:8651:43: Warning: ‘point-at-bol’ is an obsolete function (as of 29.1); use ‘line-beginning-position’ or ‘pos-bol’ instead.

In js2-parse-warn-missing-semi:
js2-mode.el:8694:21: Warning: ‘point-at-bol’ is an obsolete function (as of 29.1); use ‘line-beginning-position’ or ‘pos-bol’ instead.

In js2-parse-variables:
js2-mode.el:9764:2: Warning: docstring wider than 80 characters

In js2-parse-primary-expr:
js2-mode.el:10762:23: Warning: ‘point-at-bol’ is an obsolete function (as of 29.1); use ‘line-beginning-position’ or ‘pos-bol’ instead.

In js2-arglist-close:
js2-mode.el:11464:17: Warning: ‘point-at-bol’ is an obsolete function (as of 29.1); use ‘line-beginning-position’ or ‘pos-bol’ instead.

In js2-indent-looks-like-label-p:
js2-mode.el:11469:15: Warning: ‘point-at-bol’ is an obsolete function (as of 29.1); use ‘line-beginning-position’ or ‘pos-bol’ instead.

In js2-indent-case-block-p:
js2-mode.el:11504:17: Warning: ‘point-at-bol’ is an obsolete function (as of 29.1); use ‘line-beginning-position’ or ‘pos-bol’ instead.

In js2-bounce-indent:
js2-mode.el:11554:35: Warning: ‘point-at-bol’ is an obsolete function (as of 29.1); use ‘line-beginning-position’ or ‘pos-bol’ instead.
js2-mode.el:11556:49: Warning: ‘point-at-eol’ is an obsolete function (as of 29.1); use ‘line-end-position’ or ‘pos-eol’ instead.
js2-mode.el:11570:35: Warning: ‘point-at-bol’ is an obsolete function (as of 29.1); use ‘line-beginning-position’ or ‘pos-bol’ instead.
js2-mode.el:11577:43: Warning: ‘point-at-eol’ is an obsolete function (as of 29.1); use ‘line-end-position’ or ‘pos-eol’ instead.

In js2-indent-bounce:
js2-mode.el:11684:10: Warning: ‘inhibit-point-motion-hooks’ is an obsolete variable (as of 25.1); use ‘cursor-intangible-mode’ or ‘cursor-sensor-mode’ instead
js2-mode.el:11686:40: Warning: ‘point-at-bol’ is an obsolete function (as of 29.1); use ‘line-beginning-position’ or ‘pos-bol’ instead.

In js2-error-buffer-jump:
js2-mode.el:11854:37: Warning: Unused lexical argument `ignored'

In js2-beginning-of-line:
js2-mode.el:12319:19: Warning: ‘point-at-bol’ is an obsolete function (as of 29.1); use ‘line-beginning-position’ or ‘pos-bol’ instead.

In js2-end-of-line:
js2-mode.el:12326:17: Warning: ‘point-at-eol’ is an obsolete function (as of 29.1); use ‘line-end-position’ or ‘pos-eol’ instead.

In js2-mode-extend-//-comment:
js2-mode.el:12540:15: Warning: ‘point-at-eol’ is an obsolete function (as of 29.1); use ‘line-end-position’ or ‘pos-eol’ instead.
js2-mode.el:12546:20: Warning: ‘point-at-eol’ is an obsolete function (as of 29.1); use ‘line-end-position’ or ‘pos-eol’ instead.

In js2-mode-toggle-//-comment:
js2-mode.el:12566:16: Warning: ‘point-at-eol’ is an obsolete function (as of 29.1); use ‘line-end-position’ or ‘pos-eol’ instead.

In js2-end-of-do-while-loop-p:
js2-old-indent.el:269:47: Warning: ‘point-at-bol’ is an obsolete function (as of 29.1); use ‘line-beginning-position’ or ‘pos-bol’ instead.
js2-old-indent.el:276:43: Warning: ‘point-at-eol’ is an obsolete function (as of 29.1); use ‘line-end-position’ or ‘pos-eol’ instead.

In js2-ctrl-statement-indentation:
js2-old-indent.el:324:50: Warning: ‘point-at-bol’ is an obsolete function (as of 29.1); use ‘line-beginning-position’ or ‘pos-bol’ instead.

In js2-proper-indentation:
js2-old-indent.el:434:29: Warning: ‘point-at-bol’ is an obsolete function (as of 29.1); use ‘line-beginning-position’ or ‘pos-bol’ instead.

In js2-indent-line:
js2-old-indent.el:489:10: Warning: ‘inhibit-point-motion-hooks’ is an obsolete variable (as of 25.1); use ‘cursor-intangible-mode’ or ‘cursor-sensor-mode’ instead
js2-old-indent.el:491:40: Warning: ‘point-at-bol’ is an obsolete function (as of 29.1); use ‘line-beginning-position’ or ‘pos-bol’ instead.

In js2--expression-in-sgml-indent-line:
js2-old-indent.el:672:11: Warning: ‘inhibit-point-motion-hooks’ is an obsolete variable (as of 25.1); use ‘cursor-intangible-mode’ or ‘cursor-sensor-mode’ instead
js2-old-indent.el:674:40: Warning: ‘point-at-bol’ is an obsolete function (as of 29.1); use ‘line-beginning-position’ or ‘pos-bol’ instead.
